
2023-09-06	23:22:50	e683799e-4ed1-45bc-8706-17ac4c0bd84b	OPTIONS	/balance?username=balanceList	http://localhost:3000
2023-09-06	23:22:50	43ac6f73-a42a-4dca-adfd-7f33e99951bb	OPTIONS	/users	http://localhost:3000
2023-09-06	23:22:50	2c5416d0-81a6-42fe-9e64-5c5e88f479db	GET	/balance?username=balanceList	http://localhost:3000
2023-09-06	23:22:50	9f29ad2f-cde5-4c9b-ab93-082293185d67	GET	/users	http://localhost:3000
2023-09-06	23:23:00	f734016d-07ff-4ee6-8400-02fc29ac4be1	OPTIONS	/balance?username=balanceList	http://localhost:3000
2023-09-06	23:23:00	c16395c9-1ab2-4f14-a1ff-1237a971888b	OPTIONS	/users	http://localhost:3000
2023-09-06	23:23:00	2b0f20c8-9975-4d37-9d20-20edfeffccfb	GET	/balance?username=balanceList	http://localhost:3000
2023-09-06	23:23:00	b7265d71-93b8-468a-93e1-95a829679ca6	GET	/users	http://localhost:3000
2023-09-06	23:24:41	f9e52916-a2d3-422c-a046-32eddfde2406	OPTIONS	/balance?username=undefined	http://localhost:3000
2023-09-06	23:24:41	a30a0b48-b32b-431b-9b29-7cef8348019f	GET	/balance?username=undefined	http://localhost:3000
2023-09-06	23:35:19	7cd1f290-bf85-46e8-834f-7e7e52bbc2ed	OPTIONS	/users	http://localhost:3000
2023-09-06	23:35:19	d4a82438-a6a4-42fc-a1b3-19785918581d	GET	/users	http://localhost:3000
2023-09-06	23:35:39	60547765-fa4b-4340-afdc-11c671c90f97	OPTIONS	/auth/logout	http://localhost:3000
2023-09-06	23:35:39	2d4778e7-7204-4edc-be5e-801cf5b9976f	POST	/auth/logout	http://localhost:3000
2023-09-06	23:35:58	ce60430d-9068-45ff-935e-2ea19c7975fd	OPTIONS	/auth	http://localhost:3000
2023-09-06	23:35:58	45f96123-66b4-4a8d-92ac-62e1b7dcdae9	POST	/auth	http://localhost:3000
2023-09-06	23:35:58	b0acf4be-e893-4deb-9062-9fc1d6d1c847	OPTIONS	/users	http://localhost:3000
2023-09-06	23:35:58	2d542ee6-a568-4b4c-b80a-e412349de1df	OPTIONS	/balance?username=undefined	http://localhost:3000
2023-09-06	23:35:58	e9c1bd97-2f30-4171-8910-df75bd71d9df	GET	/balance?username=undefined	http://localhost:3000
2023-09-06	23:35:58	466eab5d-fa8c-4730-b5e5-41e6da5548b0	GET	/users	http://localhost:3000
2023-09-06	23:36:12	7455186b-fbd9-4dbe-8edb-2f1531dc8c82	OPTIONS	/auth/logout	http://localhost:3000
2023-09-06	23:36:12	5e4d807f-5730-4dbf-9d5e-cec6d27d33bd	POST	/auth/logout	http://localhost:3000
2023-09-06	23:36:28	84e4376a-8c3c-4490-a242-4c154069203d	OPTIONS	/auth	http://localhost:3000
2023-09-06	23:36:28	1555e4f3-dcc6-4ad8-9a34-a6d3d77edb82	POST	/auth	http://localhost:3000
2023-09-06	23:36:36	468882cc-0903-4a1b-a6c8-ac4892b79033	OPTIONS	/auth	http://localhost:3000
2023-09-06	23:36:36	cc7847b4-f745-405a-9934-bba62372ecb3	POST	/auth	http://localhost:3000
2023-09-06	23:36:51	eb0f83e1-ddf7-42bd-a0e2-f21c9a4c9ec2	OPTIONS	/auth	http://localhost:3000
2023-09-06	23:36:51	a14af373-5201-4d26-81ce-debc33348d26	POST	/auth	http://localhost:3000
2023-09-06	23:37:03	e5cdd2b7-3683-4147-854c-b74278c92285	OPTIONS	/auth	http://localhost:3000
2023-09-06	23:37:03	46ee3459-c47b-44d5-a7ae-6035d2954bac	POST	/auth	http://localhost:3000
2023-09-06	23:37:04	ce138390-8613-46aa-888e-2de0cc5b1417	OPTIONS	/users	http://localhost:3000
2023-09-06	23:37:04	6156254f-19b0-45ad-8860-f30ad2ca8146	OPTIONS	/balance?username=undefined	http://localhost:3000
2023-09-06	23:37:04	c4fed825-56b7-4cd4-822a-29709f9980fa	GET	/users	http://localhost:3000
2023-09-06	23:37:04	651f95ce-aff3-49c0-8b2b-022c02ae0013	GET	/balance?username=undefined	http://localhost:3000
2023-09-06	23:37:06	274aacef-44e6-41f3-a66b-8a132c0fa17d	OPTIONS	/users	http://localhost:3000
2023-09-06	23:37:06	430200c3-2b80-4403-81f8-317a1235cfb0	GET	/users	http://localhost:3000
2023-09-06	23:37:21	f671ab4d-4c46-4534-aa98-8028ee35a5ff	OPTIONS	/auth/logout	http://localhost:3000
2023-09-06	23:37:21	3442e943-4b4b-4e77-a726-4d55103fdee3	POST	/auth/logout	http://localhost:3000
2023-09-06	23:37:31	61c942bb-9b08-406d-b07e-7a44360768e5	OPTIONS	/auth	http://localhost:3000
2023-09-06	23:37:31	3d6ccd56-fc3f-4294-83d2-f912b1131152	POST	/auth	http://localhost:3000
2023-09-06	23:37:32	ea9c921b-cbf4-46e6-af70-99cdc02fd710	OPTIONS	/users	http://localhost:3000
2023-09-06	23:37:32	fffbadf9-1b6e-4ea1-b17a-dcf37e8ac2d6	OPTIONS	/balance?username=undefined	http://localhost:3000
2023-09-06	23:37:32	9b03eaeb-4af2-425f-b41b-c88496b32efa	GET	/users	http://localhost:3000
2023-09-06	23:37:32	71e7ab84-1c17-4313-be96-8b50e3cdda8c	GET	/balance?username=undefined	http://localhost:3000
2023-09-06	23:37:52	05de2ba2-3210-4f38-b025-1765b6485ded	OPTIONS	/users	http://localhost:3000
2023-09-06	23:37:52	f07c9379-7deb-4779-aec0-4f671afcf357	GET	/users	http://localhost:3000
2023-09-06	23:38:23	5690cda5-5d6a-4645-ab31-ba233c7b2eeb	OPTIONS	/users	http://localhost:3000
2023-09-06	23:38:23	591dcbde-dcd9-489f-a3ce-7cb738dd4d18	GET	/users	http://localhost:3000
2023-09-06	23:39:24	6ddeece7-b5e8-473f-917a-5796e517ca28	OPTIONS	/users	http://localhost:3000
2023-09-06	23:39:24	7a40c731-2e20-406e-af96-53fc3020332a	GET	/users	http://localhost:3000
2023-09-06	23:40:32	2511b71d-9d69-4031-8bf1-ebe188f83d96	OPTIONS	/users	http://localhost:3000
2023-09-06	23:40:32	994aefe3-0a08-45df-83ef-ea45d5a3abed	PATCH	/users	http://localhost:3000
2023-09-06	23:40:32	6725f5e0-f528-4543-88e6-444c647a7b98	OPTIONS	/users	http://localhost:3000
2023-09-06	23:40:32	dbaca81f-2e37-4c72-bdc7-fc29f3b625c7	GET	/users	http://localhost:3000
2023-09-06	23:45:33	d784f3c3-9ab4-4167-b296-6f73f687db45	OPTIONS	/balance?username=undefined	http://localhost:3000
2023-09-06	23:45:33	6eb24666-8661-4794-b858-4c8d29c73c7c	GET	/balance?username=undefined	http://localhost:3000
2023-09-06	23:47:40	ebbee3eb-d18f-4101-96f9-90ec682e0f5c	OPTIONS	/users	http://localhost:3000
2023-09-06	23:47:40	98a6b2ac-2c3c-454e-b35e-5d7eec948ac0	GET	/users	http://localhost:3000
2023-09-06	23:48:40	9af8d474-dcbd-4efc-8feb-1003a3875b17	OPTIONS	/users	http://localhost:3000
2023-09-06	23:48:40	2db176b6-947f-4b91-82da-5ac156167a68	GET	/users	http://localhost:3000
2023-09-06	23:50:01	ae4dcc91-6c4f-43cd-a673-cdbe34ce146a	OPTIONS	/balance?username=undefined	http://localhost:3000
2023-09-06	23:50:01	5fe76ff9-9382-4c54-89db-26d76639cd88	GET	/balance?username=undefined	http://localhost:3000
2023-09-06	23:53:08	97534a16-8597-4c0d-a930-b1e704f5e343	GET	/auth/refresh	http://localhost:3000
2023-09-06	23:53:08	33b1b245-dd01-4671-835d-aa58b15989ad	OPTIONS	/users	http://localhost:3000
2023-09-06	23:53:08	a13e0769-5bcd-494a-8880-9d6085b384ed	OPTIONS	/balance?username=undefined	http://localhost:3000
2023-09-06	23:53:08	c55ab144-5fb1-47e6-b6f4-f86c864e5617	GET	/users	http://localhost:3000
2023-09-06	23:53:08	044899a5-5de5-4740-aada-f93bb02d077d	GET	/balance?username=undefined	http://localhost:3000
2023-09-06	23:53:22	74350dbd-ee63-459f-b693-c20a2fc218e1	GET	/auth/refresh	http://localhost:3000
2023-09-06	23:53:22	1e4fb7bc-5d60-4b8e-b7b2-71b918816453	OPTIONS	/users	http://localhost:3000
2023-09-06	23:53:22	c40019f9-6878-45e3-8769-d04b342a4bd0	OPTIONS	/balance?username=undefined	http://localhost:3000
2023-09-06	23:53:22	4e449766-a7f7-48ca-b582-57c6a05ce03c	GET	/users	http://localhost:3000
2023-09-06	23:53:22	d86a615a-b878-4916-8485-290c370ca16a	GET	/balance?username=undefined	http://localhost:3000
